[2022-02-15 00:41:46,149] multiqc                                            [DEBUG  ]  No MultiQC config found: /home/saugat/anaconda3/envs/rnseq/lib/python3.7/site-packages/multiqc_config.yaml
[2022-02-15 00:41:46,149] multiqc                                            [DEBUG  ]  No MultiQC config found: /home/saugat/.multiqc_config.yaml
[2022-02-15 00:41:46,149] multiqc                                            [DEBUG  ]  No MultiQC config found: multiqc_config.yaml
[2022-02-15 00:41:46,153] multiqc                                            [DEBUG  ]  Loading config settings from: ../assets/multiqc_config.yaml
[2022-02-15 00:41:46,153] multiqc                                            [DEBUG  ]  New config 'title': Modulome
[2022-02-15 00:41:46,153] multiqc                                            [DEBUG  ]  New config 'subtitle': Analysis of public microbial RNA-seq data
[2022-02-15 00:41:46,153] multiqc                                            [DEBUG  ]  New config 'report_header_info': [{'Contact E-mail': 'avsastry@ucsd.edu'}, {'Application Type': 'Microbial RNA-seq Analysis'}]
[2022-02-15 00:41:46,153] multiqc                                            [DEBUG  ]  New config 'custom_logo': None
[2022-02-15 00:41:46,153] multiqc                                            [DEBUG  ]  New config 'custom_logo_url': None
[2022-02-15 00:41:46,153] multiqc                                            [DEBUG  ]  New config 'custom_logo_title': None
[2022-02-15 00:41:46,154] multiqc                                            [DEBUG  ]  New config 'custom_content': {'order': []}
[2022-02-15 00:41:46,154] multiqc                                            [DEBUG  ]  Added to filename clean extensions: ['val_1', '_val_2', '_1.fastq', '_2.fastq', '.infer_experiment', '_bowtie.txt', '_all.txt.summary']
[2022-02-15 00:41:46,154] multiqc                                            [DEBUG  ]  New config 'rseqc_sections': ['infer_experiment']
[2022-02-15 00:41:46,154] multiqc                                            [DEBUG  ]  New config 'run_modules': ['featureCounts', 'bowtie1', 'rseqc', 'cutadapt', 'fastqc']
[2022-02-15 00:41:46,154] multiqc                                            [DEBUG  ]  New config 'top_modules': []
[2022-02-15 00:41:46,154] multiqc                                            [DEBUG  ]  New config 'module_order': ['featureCounts', 'bowtie1', 'rseqc', 'cutadapt', 'fastqc']
[2022-02-15 00:41:46,154] multiqc                                            [DEBUG  ]  Command used: /home/saugat/anaconda3/envs/rnseq/bin/multiqc -f -c ../assets/multiqc_config.yaml .
[2022-02-15 00:41:47,642] multiqc                                            [WARNING]  MultiQC Version v1.12 now available!
[2022-02-15 00:41:47,642] multiqc                                            [INFO   ]  This is MultiQC v1.9
[2022-02-15 00:41:47,642] multiqc                                            [DEBUG  ]  Command     : /home/saugat/anaconda3/envs/rnseq/bin/multiqc -f -c ../assets/multiqc_config.yaml .
[2022-02-15 00:41:47,642] multiqc                                            [DEBUG  ]  Working dir : /home/saugat/Dropbox (UCSD SBRG)/Desktop/modulome-nextflow/aws_results
[2022-02-15 00:41:47,642] multiqc                                            [INFO   ]  Template    : default
[2022-02-15 00:41:47,642] multiqc                                            [DEBUG  ]  Running Python 3.7.4 (default, Aug 13 2019, 20:35:49)  [GCC 7.3.0]
[2022-02-15 00:41:47,642] multiqc                                            [INFO   ]  Report title: Modulome
[2022-02-15 00:41:47,642] multiqc                                            [INFO   ]  Searching   : /home/saugat/Dropbox (UCSD SBRG)/Desktop/modulome-nextflow/aws_results
[2022-02-15 00:41:47,642] multiqc                                            [INFO   ]  Only using modules featureCounts, bowtie1, rseqc, cutadapt, fastqc
[2022-02-15 00:41:47,642] multiqc                                            [DEBUG  ]  Analysing modules: featureCounts, bowtie1, rseqc, cutadapt, fastqc
[2022-02-15 00:41:47,643] multiqc                                            [DEBUG  ]  Using temporary directory for creating report: /tmp/tmpbnalb1i7
[2022-02-15 00:41:48,328] multiqc                                            [DEBUG  ]  Ignored 219 search patterns as didn't match running modules.
[2022-02-15 00:41:52,967] multiqc.plots.bargraph                             [DEBUG  ]  Using matplotlib version 3.1.2
[2022-02-15 00:41:53,326] multiqc.modules.featureCounts.feature_counts       [INFO   ]  Found 386 reports
[2022-02-15 00:42:02,157] multiqc.modules.bowtie1.bowtie1                    [INFO   ]  Found 75 reports
[2022-02-15 00:42:04,577] multiqc.modules.rseqc.rseqc                        [INFO   ]  Found 293 infer_experiment reports
[2022-02-15 00:42:04,597] multiqc.plots.linegraph                            [DEBUG  ]  Using matplotlib version 3.1.2
[2022-02-15 00:42:04,640] multiqc.modules.cutadapt.cutadapt                  [DEBUG  ]  Duplicate sample name found! Overwriting: Vir_14
[2022-02-15 00:42:04,666] multiqc.modules.cutadapt.cutadapt                  [DEBUG  ]  Duplicate sample name found! Overwriting: SRX8164298
[2022-02-15 00:42:04,669] multiqc.modules.cutadapt.cutadapt                  [DEBUG  ]  Duplicate sample name found! Overwriting: Metab_5
[2022-02-15 00:42:04,676] multiqc.modules.cutadapt.cutadapt                  [DEBUG  ]  Duplicate sample name found! Overwriting: SRX9633799
[2022-02-15 00:42:04,683] multiqc.modules.cutadapt.cutadapt                  [DEBUG  ]  Duplicate sample name found! Overwriting: SRX9682649
[2022-02-15 00:42:04,689] multiqc.modules.cutadapt.cutadapt                  [DEBUG  ]  Duplicate sample name found! Overwriting: SRX8387565
[2022-02-15 00:42:04,699] multiqc.modules.cutadapt.cutadapt                  [DEBUG  ]  Duplicate sample name found! Overwriting: CM_3
[2022-02-15 00:42:04,699] multiqc.modules.cutadapt.cutadapt                  [DEBUG  ]  Duplicate sample name found! Overwriting: SRX8164270
[2022-02-15 00:42:04,700] multiqc.modules.cutadapt.cutadapt                  [DEBUG  ]  Duplicate sample name found! Overwriting: SRX2722005
[2022-02-15 00:42:04,702] multiqc.modules.cutadapt.cutadapt                  [DEBUG  ]  Duplicate sample name found! Overwriting: Metab_10
[2022-02-15 00:42:04,706] multiqc.modules.cutadapt.cutadapt                  [DEBUG  ]  Duplicate sample name found! Overwriting: Metab_20
[2022-02-15 00:42:04,712] multiqc.modules.cutadapt.cutadapt                  [DEBUG  ]  Duplicate sample name found! Overwriting: SRX2722008
[2022-02-15 00:42:04,721] multiqc.modules.cutadapt.cutadapt                  [DEBUG  ]  Duplicate sample name found! Overwriting: SRX8387568
[2022-02-15 00:42:04,733] multiqc.modules.cutadapt.cutadapt                  [DEBUG  ]  Duplicate sample name found! Overwriting: SRX5014570
[2022-02-15 00:42:04,736] multiqc.modules.cutadapt.cutadapt                  [DEBUG  ]  Duplicate sample name found! Overwriting: SRX5505142
[2022-02-15 00:42:04,751] multiqc.modules.cutadapt.cutadapt                  [DEBUG  ]  Duplicate sample name found! Overwriting: SRX8164299
[2022-02-15 00:42:04,752] multiqc.modules.cutadapt.cutadapt                  [DEBUG  ]  Duplicate sample name found! Overwriting: SRX5014557
[2022-02-15 00:42:04,753] multiqc.modules.cutadapt.cutadapt                  [DEBUG  ]  Duplicate sample name found! Overwriting: SRX5014562
[2022-02-15 00:42:04,761] multiqc.modules.cutadapt.cutadapt                  [DEBUG  ]  Duplicate sample name found! Overwriting: SG_7
[2022-02-15 00:42:04,764] multiqc.modules.cutadapt.cutadapt                  [DEBUG  ]  Duplicate sample name found! Overwriting: SRX9682654
[2022-02-15 00:42:04,768] multiqc.modules.cutadapt.cutadapt                  [DEBUG  ]  Duplicate sample name found! Overwriting: ERX4294043
[2022-02-15 00:42:04,768] multiqc.modules.cutadapt.cutadapt                  [DEBUG  ]  Duplicate sample name found! Overwriting: SRX2722017
[2022-02-15 00:42:04,770] multiqc.modules.cutadapt.cutadapt                  [DEBUG  ]  Duplicate sample name found! Overwriting: SRX8387574
[2022-02-15 00:42:04,774] multiqc.modules.cutadapt.cutadapt                  [DEBUG  ]  Duplicate sample name found! Overwriting: SG_5
[2022-02-15 00:42:04,775] multiqc.modules.cutadapt.cutadapt                  [DEBUG  ]  Duplicate sample name found! Overwriting: SRX9699054
[2022-02-15 00:42:04,781] multiqc.modules.cutadapt.cutadapt                  [DEBUG  ]  Duplicate sample name found! Overwriting: CM_10
[2022-02-15 00:42:04,783] multiqc.modules.cutadapt.cutadapt                  [DEBUG  ]  Duplicate sample name found! Overwriting: SRX2722006
[2022-02-15 00:42:04,784] multiqc.modules.cutadapt.cutadapt                  [DEBUG  ]  Duplicate sample name found! Overwriting: SRX8164266
[2022-02-15 00:42:04,786] multiqc.modules.cutadapt.cutadapt                  [DEBUG  ]  Duplicate sample name found! Overwriting: SRX5806787
[2022-02-15 00:42:04,793] multiqc.modules.cutadapt.cutadapt                  [DEBUG  ]  Duplicate sample name found! Overwriting: SRX8387560
[2022-02-15 00:42:04,795] multiqc.modules.cutadapt.cutadapt                  [DEBUG  ]  Duplicate sample name found! Overwriting: Vir_16
[2022-02-15 00:42:04,798] multiqc.modules.cutadapt.cutadapt                  [DEBUG  ]  Duplicate sample name found! Overwriting: CM_11
[2022-02-15 00:42:04,802] multiqc.modules.cutadapt.cutadapt                  [DEBUG  ]  Duplicate sample name found! Overwriting: SRX8164272
[2022-02-15 00:42:04,807] multiqc.modules.cutadapt.cutadapt                  [DEBUG  ]  Duplicate sample name found! Overwriting: SRX8387561
[2022-02-15 00:42:04,809] multiqc.modules.cutadapt.cutadapt                  [DEBUG  ]  Duplicate sample name found! Overwriting: SG_1
[2022-02-15 00:42:04,809] multiqc.modules.cutadapt.cutadapt                  [DEBUG  ]  Duplicate sample name found! Overwriting: SRX5505141
[2022-02-15 00:42:04,811] multiqc.modules.cutadapt.cutadapt                  [DEBUG  ]  Duplicate sample name found! Overwriting: SRX8164302
[2022-02-15 00:42:04,818] multiqc.modules.cutadapt.cutadapt                  [DEBUG  ]  Duplicate sample name found! Overwriting: SG_2
[2022-02-15 00:42:04,820] multiqc.modules.cutadapt.cutadapt                  [DEBUG  ]  Duplicate sample name found! Overwriting: SRX8164300
[2022-02-15 00:42:04,821] multiqc.modules.cutadapt.cutadapt                  [DEBUG  ]  Duplicate sample name found! Overwriting: Vir_15
[2022-02-15 00:42:04,823] multiqc.modules.cutadapt.cutadapt                  [DEBUG  ]  Duplicate sample name found! Overwriting: CM_6
[2022-02-15 00:42:04,825] multiqc.modules.cutadapt.cutadapt                  [DEBUG  ]  Duplicate sample name found! Overwriting: SRX8387593
[2022-02-15 00:42:04,825] multiqc.modules.cutadapt.cutadapt                  [DEBUG  ]  Duplicate sample name found! Overwriting: SRX8164280
[2022-02-15 00:42:04,827] multiqc.modules.cutadapt.cutadapt                  [DEBUG  ]  Duplicate sample name found! Overwriting: SRX5797727
[2022-02-15 00:42:04,833] multiqc.modules.cutadapt.cutadapt                  [DEBUG  ]  Duplicate sample name found! Overwriting: SRX8164295
[2022-02-15 00:42:04,835] multiqc.modules.cutadapt.cutadapt                  [DEBUG  ]  Duplicate sample name found! Overwriting: SRX9633801
[2022-02-15 00:42:04,837] multiqc.modules.cutadapt.cutadapt                  [DEBUG  ]  Duplicate sample name found! Overwriting: ERX4294041
[2022-02-15 00:42:04,839] multiqc.modules.cutadapt.cutadapt                  [DEBUG  ]  Duplicate sample name found! Overwriting: SRX8164292
[2022-02-15 00:42:04,840] multiqc.modules.cutadapt.cutadapt                  [DEBUG  ]  Duplicate sample name found! Overwriting: SRX5014569
[2022-02-15 00:42:04,842] multiqc.modules.cutadapt.cutadapt                  [DEBUG  ]  Duplicate sample name found! Overwriting: SG_8
[2022-02-15 00:42:04,843] multiqc.modules.cutadapt.cutadapt                  [DEBUG  ]  Duplicate sample name found! Overwriting: SRX5014574
[2022-02-15 00:42:04,847] multiqc.modules.cutadapt.cutadapt                  [DEBUG  ]  Duplicate sample name found! Overwriting: SRX9699053
[2022-02-15 00:42:04,848] multiqc.modules.cutadapt.cutadapt                  [DEBUG  ]  Duplicate sample name found! Overwriting: SRX2722013
[2022-02-15 00:42:04,849] multiqc.modules.cutadapt.cutadapt                  [DEBUG  ]  Duplicate sample name found! Overwriting: SRX8164291
[2022-02-15 00:42:04,851] multiqc.modules.cutadapt.cutadapt                  [DEBUG  ]  Duplicate sample name found! Overwriting: SRX5505144
[2022-02-15 00:42:04,852] multiqc.modules.cutadapt.cutadapt                  [DEBUG  ]  Duplicate sample name found! Overwriting: SG_6
[2022-02-15 00:42:04,855] multiqc.modules.cutadapt.cutadapt                  [DEBUG  ]  Duplicate sample name found! Overwriting: Cody_4
[2022-02-15 00:42:04,864] multiqc.modules.cutadapt.cutadapt                  [DEBUG  ]  Duplicate sample name found! Overwriting: CM_5
[2022-02-15 00:42:04,865] multiqc.modules.cutadapt.cutadapt                  [DEBUG  ]  Duplicate sample name found! Overwriting: SRX8164263
[2022-02-15 00:42:04,866] multiqc.modules.cutadapt.cutadapt                  [DEBUG  ]  Duplicate sample name found! Overwriting: SRX8387576
[2022-02-15 00:42:04,868] multiqc.modules.cutadapt.cutadapt                  [DEBUG  ]  Duplicate sample name found! Overwriting: Vir_3
[2022-02-15 00:42:04,872] multiqc.modules.cutadapt.cutadapt                  [DEBUG  ]  Duplicate sample name found! Overwriting: CM_4
[2022-02-15 00:42:04,872] multiqc.modules.cutadapt.cutadapt                  [DEBUG  ]  Duplicate sample name found! Overwriting: Vir_7
[2022-02-15 00:42:04,874] multiqc.modules.cutadapt.cutadapt                  [DEBUG  ]  Duplicate sample name found! Overwriting: SRX2722014
[2022-02-15 00:42:04,875] multiqc.modules.cutadapt.cutadapt                  [DEBUG  ]  Duplicate sample name found! Overwriting: Metab_6
[2022-02-15 00:42:04,876] multiqc.modules.cutadapt.cutadapt                  [DEBUG  ]  Duplicate sample name found! Overwriting: SRX5299658
[2022-02-15 00:42:04,878] multiqc.modules.cutadapt.cutadapt                  [DEBUG  ]  Duplicate sample name found! Overwriting: SRX5014579
[2022-02-15 00:42:04,879] multiqc.modules.cutadapt.cutadapt                  [DEBUG  ]  Duplicate sample name found! Overwriting: SG_4
[2022-02-15 00:42:04,881] multiqc.modules.cutadapt.cutadapt                  [DEBUG  ]  Duplicate sample name found! Overwriting: Metab_2
[2022-02-15 00:42:04,882] multiqc.modules.cutadapt.cutadapt                  [DEBUG  ]  Duplicate sample name found! Overwriting: SRX8420208
[2022-02-15 00:42:04,883] multiqc.modules.cutadapt.cutadapt                  [DEBUG  ]  Duplicate sample name found! Overwriting: SRX8164269
[2022-02-15 00:42:04,884] multiqc.modules.cutadapt.cutadapt                  [DEBUG  ]  Duplicate sample name found! Overwriting: SRX5505137
[2022-02-15 00:42:04,885] multiqc.modules.cutadapt.cutadapt                  [DEBUG  ]  Duplicate sample name found! Overwriting: SRX5014583
[2022-02-15 00:42:04,888] multiqc.modules.cutadapt.cutadapt                  [DEBUG  ]  Duplicate sample name found! Overwriting: SRX9682674
[2022-02-15 00:42:04,890] multiqc.modules.cutadapt.cutadapt                  [DEBUG  ]  Duplicate sample name found! Overwriting: Mia_0
[2022-02-15 00:42:04,894] multiqc.modules.cutadapt.cutadapt                  [DEBUG  ]  Duplicate sample name found! Overwriting: SRX5014581
[2022-02-15 00:42:04,900] multiqc.modules.cutadapt.cutadapt                  [DEBUG  ]  Duplicate sample name found! Overwriting: SRX8387571
[2022-02-15 00:42:04,902] multiqc.modules.cutadapt.cutadapt                  [DEBUG  ]  Duplicate sample name found! Overwriting: Mia_6
[2022-02-15 00:42:04,903] multiqc.modules.cutadapt.cutadapt                  [DEBUG  ]  Duplicate sample name found! Overwriting: SRX8164276
[2022-02-15 00:42:04,906] multiqc.modules.cutadapt.cutadapt                  [DEBUG  ]  Duplicate sample name found! Overwriting: SRX5299659
[2022-02-15 00:42:04,907] multiqc.modules.cutadapt.cutadapt                  [DEBUG  ]  Duplicate sample name found! Overwriting: SRX5797722
[2022-02-15 00:42:04,915] multiqc.modules.cutadapt.cutadapt                  [DEBUG  ]  Duplicate sample name found! Overwriting: SRX8164273
[2022-02-15 00:42:04,917] multiqc.modules.cutadapt.cutadapt                  [DEBUG  ]  Duplicate sample name found! Overwriting: SRX3489452
[2022-02-15 00:42:04,917] multiqc.modules.cutadapt.cutadapt                  [DEBUG  ]  Duplicate sample name found! Overwriting: SRX2722011
[2022-02-15 00:42:04,919] multiqc.modules.cutadapt.cutadapt                  [DEBUG  ]  Duplicate sample name found! Overwriting: SRX8164303
[2022-02-15 00:42:04,920] multiqc.modules.cutadapt.cutadapt                  [DEBUG  ]  Duplicate sample name found! Overwriting: Metab_1
[2022-02-15 00:42:04,922] multiqc.modules.cutadapt.cutadapt                  [DEBUG  ]  Duplicate sample name found! Overwriting: SRX8387559
[2022-02-15 00:42:04,928] multiqc.modules.cutadapt.cutadapt                  [DEBUG  ]  Duplicate sample name found! Overwriting: Mia_5
[2022-02-15 00:42:04,932] multiqc.modules.cutadapt.cutadapt                  [DEBUG  ]  Duplicate sample name found! Overwriting: Metab_15
[2022-02-15 00:42:04,935] multiqc.modules.cutadapt.cutadapt                  [DEBUG  ]  Duplicate sample name found! Overwriting: SRX5505136
[2022-02-15 00:42:04,936] multiqc.modules.cutadapt.cutadapt                  [DEBUG  ]  Duplicate sample name found! Overwriting: SRX8387591
[2022-02-15 00:42:04,939] multiqc.modules.cutadapt.cutadapt                  [DEBUG  ]  Duplicate sample name found! Overwriting: SRX4065834
[2022-02-15 00:42:04,943] multiqc.modules.cutadapt.cutadapt                  [DEBUG  ]  Duplicate sample name found! Overwriting: SRX8164261
[2022-02-15 00:42:04,946] multiqc.modules.cutadapt.cutadapt                  [DEBUG  ]  Duplicate sample name found! Overwriting: SRX8387577
[2022-02-15 00:42:04,947] multiqc.modules.cutadapt.cutadapt                  [DEBUG  ]  Duplicate sample name found! Overwriting: SRX5299661
[2022-02-15 00:42:04,949] multiqc.modules.cutadapt.cutadapt                  [DEBUG  ]  Duplicate sample name found! Overwriting: SRX8164289
[2022-02-15 00:42:04,951] multiqc.modules.cutadapt.cutadapt                  [DEBUG  ]  Duplicate sample name found! Overwriting: SRX4065827
[2022-02-15 00:42:04,952] multiqc.modules.cutadapt.cutadapt                  [DEBUG  ]  Duplicate sample name found! Overwriting: SRX8164288
[2022-02-15 00:42:04,953] multiqc.modules.cutadapt.cutadapt                  [DEBUG  ]  Duplicate sample name found! Overwriting: SRX4065829
[2022-02-15 00:42:04,953] multiqc.modules.cutadapt.cutadapt                  [DEBUG  ]  Duplicate sample name found! Overwriting: Vir_18
[2022-02-15 00:42:04,955] multiqc.modules.cutadapt.cutadapt                  [DEBUG  ]  Duplicate sample name found! Overwriting: Metab_7
[2022-02-15 00:42:04,955] multiqc.modules.cutadapt.cutadapt                  [DEBUG  ]  Duplicate sample name found! Overwriting: ERX4294049
[2022-02-15 00:42:04,959] multiqc.modules.cutadapt.cutadapt                  [DEBUG  ]  Duplicate sample name found! Overwriting: Mia_4
[2022-02-15 00:42:04,961] multiqc.modules.cutadapt.cutadapt                  [DEBUG  ]  Duplicate sample name found! Overwriting: SRX5014568
[2022-02-15 00:42:04,962] multiqc.modules.cutadapt.cutadapt                  [DEBUG  ]  Duplicate sample name found! Overwriting: Metab_8
[2022-02-15 00:42:04,963] multiqc.modules.cutadapt.cutadapt                  [DEBUG  ]  Duplicate sample name found! Overwriting: SRX2722007
[2022-02-15 00:42:04,964] multiqc.modules.cutadapt.cutadapt                  [DEBUG  ]  Duplicate sample name found! Overwriting: SRX8420203
[2022-02-15 00:42:04,965] multiqc.modules.cutadapt.cutadapt                  [DEBUG  ]  Duplicate sample name found! Overwriting: SRX2722004
[2022-02-15 00:42:04,969] multiqc.modules.cutadapt.cutadapt                  [DEBUG  ]  Duplicate sample name found! Overwriting: CM_15
[2022-02-15 00:42:04,973] multiqc.modules.cutadapt.cutadapt                  [DEBUG  ]  Duplicate sample name found! Overwriting: SRX5806784
[2022-02-15 00:42:04,979] multiqc.modules.cutadapt.cutadapt                  [DEBUG  ]  Duplicate sample name found! Overwriting: Metab_9
[2022-02-15 00:42:04,979] multiqc.modules.cutadapt.cutadapt                  [DEBUG  ]  Duplicate sample name found! Overwriting: SRX8164277
[2022-02-15 00:42:04,980] multiqc.modules.cutadapt.cutadapt                  [DEBUG  ]  Duplicate sample name found! Overwriting: Mia_3
[2022-02-15 00:42:04,984] multiqc.modules.cutadapt.cutadapt                  [DEBUG  ]  Duplicate sample name found! Overwriting: SRX3489453
[2022-02-15 00:42:04,985] multiqc.modules.cutadapt.cutadapt                  [DEBUG  ]  Duplicate sample name found! Overwriting: CM_1
[2022-02-15 00:42:04,987] multiqc.modules.cutadapt.cutadapt                  [DEBUG  ]  Duplicate sample name found! Overwriting: ERX4294052
[2022-02-15 00:42:04,989] multiqc.modules.cutadapt.cutadapt                  [DEBUG  ]  Duplicate sample name found! Overwriting: SRX5505138
[2022-02-15 00:42:04,991] multiqc.modules.cutadapt.cutadapt                  [DEBUG  ]  Duplicate sample name found! Overwriting: SRX5797726
[2022-02-15 00:42:04,993] multiqc.modules.cutadapt.cutadapt                  [DEBUG  ]  Duplicate sample name found! Overwriting: Vir_17
[2022-02-15 00:42:04,996] multiqc.modules.cutadapt.cutadapt                  [DEBUG  ]  Duplicate sample name found! Overwriting: SRX5505132
[2022-02-15 00:42:04,997] multiqc.modules.cutadapt.cutadapt                  [DEBUG  ]  Duplicate sample name found! Overwriting: SRX8387567
[2022-02-15 00:42:04,998] multiqc.modules.cutadapt.cutadapt                  [DEBUG  ]  Duplicate sample name found! Overwriting: SRX8387589
[2022-02-15 00:42:04,999] multiqc.modules.cutadapt.cutadapt                  [DEBUG  ]  Duplicate sample name found! Overwriting: SRX4065836
[2022-02-15 00:42:05,001] multiqc.modules.cutadapt.cutadapt                  [DEBUG  ]  Duplicate sample name found! Overwriting: Metab_12
[2022-02-15 00:42:05,002] multiqc.modules.cutadapt.cutadapt                  [DEBUG  ]  Duplicate sample name found! Overwriting: SRX8164268
[2022-02-15 00:42:05,003] multiqc.modules.cutadapt.cutadapt                  [DEBUG  ]  Duplicate sample name found! Overwriting: SRX8387563
[2022-02-15 00:42:05,005] multiqc.modules.cutadapt.cutadapt                  [DEBUG  ]  Duplicate sample name found! Overwriting: SRX8387562
[2022-02-15 00:42:05,006] multiqc.modules.cutadapt.cutadapt                  [DEBUG  ]  Duplicate sample name found! Overwriting: SRX8164305
[2022-02-15 00:42:05,011] multiqc.modules.cutadapt.cutadapt                  [DEBUG  ]  Duplicate sample name found! Overwriting: Vir_9
[2022-02-15 00:42:05,012] multiqc.modules.cutadapt.cutadapt                  [DEBUG  ]  Duplicate sample name found! Overwriting: SRX8164271
[2022-02-15 00:42:05,013] multiqc.modules.cutadapt.cutadapt                  [DEBUG  ]  Duplicate sample name found! Overwriting: Vir_4
[2022-02-15 00:42:05,015] multiqc.modules.cutadapt.cutadapt                  [DEBUG  ]  Duplicate sample name found! Overwriting: SRX2722003
[2022-02-15 00:42:05,016] multiqc.modules.cutadapt.cutadapt                  [DEBUG  ]  Duplicate sample name found! Overwriting: Vir_11
[2022-02-15 00:42:05,018] multiqc.modules.cutadapt.cutadapt                  [DEBUG  ]  Duplicate sample name found! Overwriting: CM_14
[2022-02-15 00:42:05,019] multiqc.modules.cutadapt.cutadapt                  [DEBUG  ]  Duplicate sample name found! Overwriting: ERX4294051
[2022-02-15 00:42:05,020] multiqc.modules.cutadapt.cutadapt                  [DEBUG  ]  Duplicate sample name found! Overwriting: Vir_2
[2022-02-15 00:42:05,022] multiqc.modules.cutadapt.cutadapt                  [DEBUG  ]  Duplicate sample name found! Overwriting: ERX4294045
[2022-02-15 00:42:05,023] multiqc.modules.cutadapt.cutadapt                  [DEBUG  ]  Duplicate sample name found! Overwriting: SRX8164274
[2022-02-15 00:42:05,025] multiqc.modules.cutadapt.cutadapt                  [DEBUG  ]  Duplicate sample name found! Overwriting: SRX5014564
[2022-02-15 00:42:05,026] multiqc.modules.cutadapt.cutadapt                  [DEBUG  ]  Duplicate sample name found! Overwriting: SRX2722012
[2022-02-15 00:42:05,027] multiqc.modules.cutadapt.cutadapt                  [DEBUG  ]  Duplicate sample name found! Overwriting: Vir_13
[2022-02-15 00:42:05,029] multiqc.modules.cutadapt.cutadapt                  [DEBUG  ]  Duplicate sample name found! Overwriting: Metab_19
[2022-02-15 00:42:05,031] multiqc.modules.cutadapt.cutadapt                  [DEBUG  ]  Duplicate sample name found! Overwriting: SRX3489450
[2022-02-15 00:42:05,032] multiqc.modules.cutadapt.cutadapt                  [DEBUG  ]  Duplicate sample name found! Overwriting: SRX5797725
[2022-02-15 00:42:05,033] multiqc.modules.cutadapt.cutadapt                  [DEBUG  ]  Duplicate sample name found! Overwriting: SRX8164262
[2022-02-15 00:42:05,035] multiqc.modules.cutadapt.cutadapt                  [DEBUG  ]  Duplicate sample name found! Overwriting: Metab_17
[2022-02-15 00:42:05,036] multiqc.modules.cutadapt.cutadapt                  [DEBUG  ]  Duplicate sample name found! Overwriting: Vir_5
[2022-02-15 00:42:05,037] multiqc.modules.cutadapt.cutadapt                  [DEBUG  ]  Duplicate sample name found! Overwriting: SRX8387566
[2022-02-15 00:42:05,038] multiqc.modules.cutadapt.cutadapt                  [DEBUG  ]  Duplicate sample name found! Overwriting: ERX4294042
[2022-02-15 00:42:05,039] multiqc.modules.cutadapt.cutadapt                  [DEBUG  ]  Duplicate sample name found! Overwriting: Metab_13
[2022-02-15 00:42:05,040] multiqc.modules.cutadapt.cutadapt                  [DEBUG  ]  Duplicate sample name found! Overwriting: CM_9
[2022-02-15 00:42:05,043] multiqc.modules.cutadapt.cutadapt                  [DEBUG  ]  Duplicate sample name found! Overwriting: SRX3489451
[2022-02-15 00:42:05,044] multiqc.modules.cutadapt.cutadapt                  [DEBUG  ]  Duplicate sample name found! Overwriting: SRX8420205
[2022-02-15 00:42:05,045] multiqc.modules.cutadapt.cutadapt                  [DEBUG  ]  Duplicate sample name found! Overwriting: SRX8164281
[2022-02-15 00:42:05,047] multiqc.modules.cutadapt.cutadapt                  [DEBUG  ]  Duplicate sample name found! Overwriting: SRX9633797
[2022-02-15 00:42:05,048] multiqc.modules.cutadapt.cutadapt                  [DEBUG  ]  Duplicate sample name found! Overwriting: SRX8164279
[2022-02-15 00:42:05,049] multiqc.modules.cutadapt.cutadapt                  [DEBUG  ]  Duplicate sample name found! Overwriting: Vir_10
[2022-02-15 00:42:05,051] multiqc.modules.cutadapt.cutadapt                  [DEBUG  ]  Duplicate sample name found! Overwriting: CM_13
[2022-02-15 00:42:05,051] multiqc.modules.cutadapt.cutadapt                  [DEBUG  ]  Duplicate sample name found! Overwriting: SRX2722010
[2022-02-15 00:42:05,054] multiqc.modules.cutadapt.cutadapt                  [DEBUG  ]  Duplicate sample name found! Overwriting: SRX8164290
[2022-02-15 00:42:05,056] multiqc.modules.cutadapt.cutadapt                  [DEBUG  ]  Duplicate sample name found! Overwriting: SRX5299660
[2022-02-15 00:42:05,057] multiqc.modules.cutadapt.cutadapt                  [DEBUG  ]  Duplicate sample name found! Overwriting: SRX5014577
[2022-02-15 00:42:05,057] multiqc.modules.cutadapt.cutadapt                  [DEBUG  ]  Duplicate sample name found! Overwriting: SRX9633798
[2022-02-15 00:42:05,059] multiqc.modules.cutadapt.cutadapt                  [DEBUG  ]  Duplicate sample name found! Overwriting: SRX2722016
[2022-02-15 00:42:05,061] multiqc.modules.cutadapt.cutadapt                  [DEBUG  ]  Duplicate sample name found! Overwriting: SRX8420207
[2022-02-15 00:42:05,061] multiqc.modules.cutadapt.cutadapt                  [DEBUG  ]  Duplicate sample name found! Overwriting: SRX8164285
[2022-02-15 00:42:05,063] multiqc.modules.cutadapt.cutadapt                  [DEBUG  ]  Duplicate sample name found! Overwriting: SRX5505140
[2022-02-15 00:42:05,064] multiqc.modules.cutadapt.cutadapt                  [DEBUG  ]  Duplicate sample name found! Overwriting: SRX5014587
[2022-02-15 00:42:05,067] multiqc.modules.cutadapt.cutadapt                  [DEBUG  ]  Duplicate sample name found! Overwriting: SRX5299664
[2022-02-15 00:42:05,068] multiqc.modules.cutadapt.cutadapt                  [DEBUG  ]  Duplicate sample name found! Overwriting: SRX5299663
[2022-02-15 00:42:05,070] multiqc.modules.cutadapt.cutadapt                  [DEBUG  ]  Duplicate sample name found! Overwriting: CM_2
[2022-02-15 00:42:05,071] multiqc.modules.cutadapt.cutadapt                  [DEBUG  ]  Duplicate sample name found! Overwriting: SRX8164265
[2022-02-15 00:42:05,071] multiqc.modules.cutadapt.cutadapt                  [DEBUG  ]  Duplicate sample name found! Overwriting: SRX4065848
[2022-02-15 00:42:05,073] multiqc.modules.cutadapt.cutadapt                  [DEBUG  ]  Duplicate sample name found! Overwriting: ERX4294046
[2022-02-15 00:42:05,076] multiqc.modules.cutadapt.cutadapt                  [DEBUG  ]  Duplicate sample name found! Overwriting: SRX2629500
[2022-02-15 00:42:05,077] multiqc.modules.cutadapt.cutadapt                  [DEBUG  ]  Duplicate sample name found! Overwriting: SRX2629499
[2022-02-15 00:42:05,082] multiqc.modules.cutadapt.cutadapt                  [DEBUG  ]  Duplicate sample name found! Overwriting: Vir_1
[2022-02-15 00:42:05,085] multiqc.modules.cutadapt.cutadapt                  [DEBUG  ]  Duplicate sample name found! Overwriting: SRX5299665
[2022-02-15 00:42:05,087] multiqc.modules.cutadapt.cutadapt                  [DEBUG  ]  Duplicate sample name found! Overwriting: SRX5505139
[2022-02-15 00:42:05,088] multiqc.modules.cutadapt.cutadapt                  [DEBUG  ]  Duplicate sample name found! Overwriting: ERX4294050
[2022-02-15 00:42:05,089] multiqc.modules.cutadapt.cutadapt                  [DEBUG  ]  Duplicate sample name found! Overwriting: SRX9682659
[2022-02-15 00:42:05,090] multiqc.modules.cutadapt.cutadapt                  [DEBUG  ]  Duplicate sample name found! Overwriting: SRX8164297
[2022-02-15 00:42:05,090] multiqc.modules.cutadapt.cutadapt                  [DEBUG  ]  Duplicate sample name found! Overwriting: SRX8164287
[2022-02-15 00:42:05,092] multiqc.modules.cutadapt.cutadapt                  [DEBUG  ]  Duplicate sample name found! Overwriting: SRX5014588
[2022-02-15 00:42:05,093] multiqc.modules.cutadapt.cutadapt                  [DEBUG  ]  Duplicate sample name found! Overwriting: SRX9633796
[2022-02-15 00:42:05,096] multiqc.modules.cutadapt.cutadapt                  [DEBUG  ]  Duplicate sample name found! Overwriting: SRX5505131
[2022-02-15 00:42:05,099] multiqc.modules.cutadapt.cutadapt                  [DEBUG  ]  Duplicate sample name found! Overwriting: SRX5797724
[2022-02-15 00:42:05,100] multiqc.modules.cutadapt.cutadapt                  [DEBUG  ]  Duplicate sample name found! Overwriting: Cody_2
[2022-02-15 00:42:05,102] multiqc.modules.cutadapt.cutadapt                  [DEBUG  ]  Duplicate sample name found! Overwriting: SRX8164283
[2022-02-15 00:42:05,104] multiqc.modules.cutadapt.cutadapt                  [DEBUG  ]  Duplicate sample name found! Overwriting: SRX8164294
[2022-02-15 00:42:05,105] multiqc.modules.cutadapt.cutadapt                  [DEBUG  ]  Duplicate sample name found! Overwriting: SRX8420209
[2022-02-15 00:42:05,106] multiqc.modules.cutadapt.cutadapt                  [DEBUG  ]  Duplicate sample name found! Overwriting: Mia_1
[2022-02-15 00:42:05,107] multiqc.modules.cutadapt.cutadapt                  [DEBUG  ]  Duplicate sample name found! Overwriting: SRX9633795
[2022-02-15 00:42:05,108] multiqc.modules.cutadapt.cutadapt                  [DEBUG  ]  Duplicate sample name found! Overwriting: SRX9633794
[2022-02-15 00:42:05,109] multiqc.modules.cutadapt.cutadapt                  [DEBUG  ]  Duplicate sample name found! Overwriting: SRX8387590
[2022-02-15 00:42:05,111] multiqc.modules.cutadapt.cutadapt                  [DEBUG  ]  Duplicate sample name found! Overwriting: Vir_8
[2022-02-15 00:42:05,113] multiqc.modules.cutadapt.cutadapt                  [DEBUG  ]  Duplicate sample name found! Overwriting: SRX8164301
[2022-02-15 00:42:05,113] multiqc.modules.cutadapt.cutadapt                  [DEBUG  ]  Duplicate sample name found! Overwriting: CM_7
[2022-02-15 00:42:05,114] multiqc.modules.cutadapt.cutadapt                  [DEBUG  ]  Duplicate sample name found! Overwriting: SRX9699056
[2022-02-15 00:42:05,115] multiqc.modules.cutadapt.cutadapt                  [DEBUG  ]  Duplicate sample name found! Overwriting: SRX3489449
[2022-02-15 00:42:05,116] multiqc.modules.cutadapt.cutadapt                  [DEBUG  ]  Duplicate sample name found! Overwriting: Metab_18
[2022-02-15 00:42:05,117] multiqc.modules.cutadapt.cutadapt                  [DEBUG  ]  Duplicate sample name found! Overwriting: Cody_3
[2022-02-15 00:42:05,119] multiqc.modules.cutadapt.cutadapt                  [DEBUG  ]  Duplicate sample name found! Overwriting: Cody_1
[2022-02-15 00:42:05,121] multiqc.modules.cutadapt.cutadapt                  [DEBUG  ]  Duplicate sample name found! Overwriting: Vir_20
[2022-02-15 00:42:05,122] multiqc.modules.cutadapt.cutadapt                  [DEBUG  ]  Duplicate sample name found! Overwriting: Vir_6
[2022-02-15 00:42:05,123] multiqc.modules.cutadapt.cutadapt                  [DEBUG  ]  Duplicate sample name found! Overwriting: SRX8164304
[2022-02-15 00:42:05,126] multiqc.modules.cutadapt.cutadapt                  [DEBUG  ]  Duplicate sample name found! Overwriting: SRX2722015
[2022-02-15 00:42:05,128] multiqc.modules.cutadapt.cutadapt                  [DEBUG  ]  Duplicate sample name found! Overwriting: SRX5797723
[2022-02-15 00:42:05,132] multiqc.modules.cutadapt.cutadapt                  [DEBUG  ]  Duplicate sample name found! Overwriting: Metab_16
[2022-02-15 00:42:05,133] multiqc.modules.cutadapt.cutadapt                  [DEBUG  ]  Duplicate sample name found! Overwriting: SRX8387592
[2022-02-15 00:42:05,134] multiqc.modules.cutadapt.cutadapt                  [DEBUG  ]  Duplicate sample name found! Overwriting: SRX5806783
[2022-02-15 00:42:05,138] multiqc.modules.cutadapt.cutadapt                  [DEBUG  ]  Duplicate sample name found! Overwriting: CM_12
[2022-02-15 00:42:05,139] multiqc.modules.cutadapt.cutadapt                  [DEBUG  ]  Duplicate sample name found! Overwriting: SRX5505134
[2022-02-15 00:42:05,140] multiqc.modules.cutadapt.cutadapt                  [DEBUG  ]  Duplicate sample name found! Overwriting: CM_16
[2022-02-15 00:42:05,141] multiqc.modules.cutadapt.cutadapt                  [DEBUG  ]  Duplicate sample name found! Overwriting: SRX8420204
[2022-02-15 00:42:05,142] multiqc.modules.cutadapt.cutadapt                  [DEBUG  ]  Duplicate sample name found! Overwriting: Mia_2
[2022-02-15 00:42:05,142] multiqc.modules.cutadapt.cutadapt                  [DEBUG  ]  Duplicate sample name found! Overwriting: Metab_11
[2022-02-15 00:42:05,143] multiqc.modules.cutadapt.cutadapt                  [DEBUG  ]  Duplicate sample name found! Overwriting: SRX2722002
[2022-02-15 00:42:05,144] multiqc.modules.cutadapt.cutadapt                  [DEBUG  ]  Duplicate sample name found! Overwriting: SG_3
[2022-02-15 00:42:05,145] multiqc.modules.cutadapt.cutadapt                  [DEBUG  ]  Duplicate sample name found! Overwriting: SRX5806788
[2022-02-15 00:42:05,146] multiqc.modules.cutadapt.cutadapt                  [DEBUG  ]  Duplicate sample name found! Overwriting: SRX2722009
[2022-02-15 00:42:05,148] multiqc.modules.cutadapt.cutadapt                  [DEBUG  ]  Duplicate sample name found! Overwriting: SRX8164307
[2022-02-15 00:42:05,149] multiqc.modules.cutadapt.cutadapt                  [DEBUG  ]  Duplicate sample name found! Overwriting: CM_8
[2022-02-15 00:42:05,150] multiqc.modules.cutadapt.cutadapt                  [DEBUG  ]  Duplicate sample name found! Overwriting: SRX8164296
[2022-02-15 00:42:05,151] multiqc.modules.cutadapt.cutadapt                  [DEBUG  ]  Duplicate sample name found! Overwriting: SRX9633800
[2022-02-15 00:42:05,152] multiqc.modules.cutadapt.cutadapt                  [DEBUG  ]  Duplicate sample name found! Overwriting: SRX2722018
[2022-02-15 00:42:05,153] multiqc.modules.cutadapt.cutadapt                  [DEBUG  ]  Duplicate sample name found! Overwriting: SRX8164267
[2022-02-15 00:42:05,154] multiqc.modules.cutadapt.cutadapt                  [DEBUG  ]  Duplicate sample name found! Overwriting: Vir_19
[2022-02-15 00:42:05,155] multiqc.modules.cutadapt.cutadapt                  [DEBUG  ]  Duplicate sample name found! Overwriting: SRX8164264
[2022-02-15 00:42:05,156] multiqc.modules.cutadapt.cutadapt                  [DEBUG  ]  Duplicate sample name found! Overwriting: SRX8164284
[2022-02-15 00:42:05,157] multiqc.modules.cutadapt.cutadapt                  [DEBUG  ]  Duplicate sample name found! Overwriting: SRX9682664
[2022-02-15 00:42:05,160] multiqc.modules.cutadapt.cutadapt                  [DEBUG  ]  Duplicate sample name found! Overwriting: SRX5299662
[2022-02-15 00:42:05,161] multiqc.modules.cutadapt.cutadapt                  [DEBUG  ]  Duplicate sample name found! Overwriting: SRX3489448
[2022-02-15 00:42:05,163] multiqc.modules.cutadapt.cutadapt                  [DEBUG  ]  Duplicate sample name found! Overwriting: SRX8387582
[2022-02-15 00:42:05,166] multiqc.modules.cutadapt.cutadapt                  [DEBUG  ]  Duplicate sample name found! Overwriting: SRX5505135
[2022-02-15 00:42:05,167] multiqc.modules.cutadapt.cutadapt                  [DEBUG  ]  Duplicate sample name found! Overwriting: SRX8164278
[2022-02-15 00:42:05,167] multiqc.modules.cutadapt.cutadapt                  [DEBUG  ]  Duplicate sample name found! Overwriting: SRX8164260
[2022-02-15 00:42:05,168] multiqc.modules.cutadapt.cutadapt                  [DEBUG  ]  Duplicate sample name found! Overwriting: SRX9682669
[2022-02-15 00:42:05,170] multiqc.modules.cutadapt.cutadapt                  [DEBUG  ]  Duplicate sample name found! Overwriting: SRX8164306
[2022-02-15 00:42:05,171] multiqc.modules.cutadapt.cutadapt                  [DEBUG  ]  Duplicate sample name found! Overwriting: SRX9633802
[2022-02-15 00:42:05,173] multiqc.modules.cutadapt.cutadapt                  [DEBUG  ]  Duplicate sample name found! Overwriting: SRX9699055
[2022-02-15 00:42:05,176] multiqc.modules.cutadapt.cutadapt                  [DEBUG  ]  Duplicate sample name found! Overwriting: SRX8387594
[2022-02-15 00:42:05,177] multiqc.modules.cutadapt.cutadapt                  [DEBUG  ]  Duplicate sample name found! Overwriting: SRX8164275
[2022-02-15 00:42:05,179] multiqc.modules.cutadapt.cutadapt                  [DEBUG  ]  Duplicate sample name found! Overwriting: SRX8420202
[2022-02-15 00:42:05,182] multiqc.modules.cutadapt.cutadapt                  [DEBUG  ]  Duplicate sample name found! Overwriting: SRX5505133
[2022-02-15 00:42:05,185] multiqc.modules.cutadapt.cutadapt                  [DEBUG  ]  Duplicate sample name found! Overwriting: SRX5806786
[2022-02-15 00:42:05,187] multiqc.modules.cutadapt.cutadapt                  [DEBUG  ]  Duplicate sample name found! Overwriting: ERX4294048
[2022-02-15 00:42:05,188] multiqc.modules.cutadapt.cutadapt                  [DEBUG  ]  Duplicate sample name found! Overwriting: ERX4294047
[2022-02-15 00:42:05,190] multiqc.modules.cutadapt.cutadapt                  [DEBUG  ]  Duplicate sample name found! Overwriting: SRX5806785
[2022-02-15 00:42:05,191] multiqc.modules.cutadapt.cutadapt                  [DEBUG  ]  Duplicate sample name found! Overwriting: SRX8420206
[2022-02-15 00:42:05,193] multiqc.modules.cutadapt.cutadapt                  [DEBUG  ]  Duplicate sample name found! Overwriting: SRX8387575
[2022-02-15 00:42:05,194] multiqc.modules.cutadapt.cutadapt                  [DEBUG  ]  Duplicate sample name found! Overwriting: SRX5299657
[2022-02-15 00:42:05,196] multiqc.modules.cutadapt.cutadapt                  [DEBUG  ]  Duplicate sample name found! Overwriting: Vir_12
[2022-02-15 00:42:05,198] multiqc.modules.cutadapt.cutadapt                  [DEBUG  ]  Duplicate sample name found! Overwriting: Metab_3
[2022-02-15 00:42:05,199] multiqc.modules.cutadapt.cutadapt                  [DEBUG  ]  Duplicate sample name found! Overwriting: Metab_4
[2022-02-15 00:42:05,200] multiqc.modules.cutadapt.cutadapt                  [DEBUG  ]  Duplicate sample name found! Overwriting: Metab_14
[2022-02-15 00:42:05,201] multiqc.modules.cutadapt.cutadapt                  [DEBUG  ]  Duplicate sample name found! Overwriting: SRX5505143
[2022-02-15 00:42:05,203] multiqc.modules.cutadapt.cutadapt                  [DEBUG  ]  Duplicate sample name found! Overwriting: SRX8387564
[2022-02-15 00:42:05,205] multiqc.modules.cutadapt.cutadapt                  [DEBUG  ]  Duplicate sample name found! Overwriting: SRX8164293
[2022-02-15 00:42:05,206] multiqc.modules.cutadapt.cutadapt                  [DEBUG  ]  Duplicate sample name found! Overwriting: ERX4294044
[2022-02-15 00:42:05,208] multiqc.modules.cutadapt.cutadapt                  [DEBUG  ]  Duplicate sample name found! Overwriting: SRX8164282
[2022-02-15 00:42:05,210] multiqc.modules.cutadapt.cutadapt                  [DEBUG  ]  Duplicate sample name found! Overwriting: SRX8164286
[2022-02-15 00:42:05,211] multiqc.modules.cutadapt.cutadapt                  [INFO   ]  Found 386 reports
[2022-02-15 00:42:10,627] multiqc.modules.fastqc.fastqc                      [DEBUG  ]  Duplicate sample name found! Overwriting: Metab_6
[2022-02-15 00:42:10,908] multiqc.modules.fastqc.fastqc                      [DEBUG  ]  Duplicate sample name found! Overwriting: SRX5299657
[2022-02-15 00:42:10,910] multiqc.modules.fastqc.fastqc                      [DEBUG  ]  Duplicate sample name found! Overwriting: Vir_20
[2022-02-15 00:42:10,926] multiqc.modules.fastqc.fastqc                      [DEBUG  ]  Duplicate sample name found! Overwriting: SG_5
[2022-02-15 00:42:11,071] multiqc.modules.fastqc.fastqc                      [DEBUG  ]  Duplicate sample name found! Overwriting: SRX5797726
[2022-02-15 00:42:11,151] multiqc.modules.fastqc.fastqc                      [DEBUG  ]  Duplicate sample name found! Overwriting: SRX2722012
[2022-02-15 00:42:11,169] multiqc.modules.fastqc.fastqc                      [DEBUG  ]  Duplicate sample name found! Overwriting: Mia_3
[2022-02-15 00:42:11,362] multiqc.modules.fastqc.fastqc                      [DEBUG  ]  Duplicate sample name found! Overwriting: SRX3489452
[2022-02-15 00:42:11,393] multiqc.modules.fastqc.fastqc                      [DEBUG  ]  Duplicate sample name found! Overwriting: SRX4065836
[2022-02-15 00:42:11,414] multiqc.modules.fastqc.fastqc                      [DEBUG  ]  Duplicate sample name found! Overwriting: SRX2722008
[2022-02-15 00:42:11,418] multiqc.modules.fastqc.fastqc                      [DEBUG  ]  Duplicate sample name found! Overwriting: SRX8387576
[2022-02-15 00:42:11,439] multiqc.modules.fastqc.fastqc                      [DEBUG  ]  Duplicate sample name found! Overwriting: SRX9633794
[2022-02-15 00:42:11,466] multiqc.modules.fastqc.fastqc                      [DEBUG  ]  Duplicate sample name found! Overwriting: SRX5299659
[2022-02-15 00:42:11,484] multiqc.modules.fastqc.fastqc                      [DEBUG  ]  Duplicate sample name found! Overwriting: Vir_12
[2022-02-15 00:42:11,561] multiqc.modules.fastqc.fastqc                      [DEBUG  ]  Duplicate sample name found! Overwriting: SRX8420209
[2022-02-15 00:42:11,585] multiqc.modules.fastqc.fastqc                      [DEBUG  ]  Duplicate sample name found! Overwriting: SRX8387592
[2022-02-15 00:42:11,587] multiqc.modules.fastqc.fastqc                      [DEBUG  ]  Duplicate sample name found! Overwriting: SRX2629499
[2022-02-15 00:42:11,602] multiqc.modules.fastqc.fastqc                      [DEBUG  ]  Duplicate sample name found! Overwriting: SRX5505131
[2022-02-15 00:42:11,697] multiqc.modules.fastqc.fastqc                      [DEBUG  ]  Duplicate sample name found! Overwriting: SRX8387561
[2022-02-15 00:42:11,733] multiqc.modules.fastqc.fastqc                      [DEBUG  ]  Duplicate sample name found! Overwriting: SRX2722017
[2022-02-15 00:42:11,746] multiqc.modules.fastqc.fastqc                      [DEBUG  ]  Duplicate sample name found! Overwriting: Metab_1
[2022-02-15 00:42:11,767] multiqc.modules.fastqc.fastqc                      [DEBUG  ]  Duplicate sample name found! Overwriting: SRX8164307
[2022-02-15 00:42:11,770] multiqc.modules.fastqc.fastqc                      [DEBUG  ]  Duplicate sample name found! Overwriting: SRX8164279
[2022-02-15 00:42:11,773] multiqc.modules.fastqc.fastqc                      [DEBUG  ]  Duplicate sample name found! Overwriting: ERX4294043
[2022-02-15 00:42:11,795] multiqc.modules.fastqc.fastqc                      [DEBUG  ]  Duplicate sample name found! Overwriting: SRX5014564
[2022-02-15 00:42:11,807] multiqc.modules.fastqc.fastqc                      [DEBUG  ]  Duplicate sample name found! Overwriting: SRX5014587
[2022-02-15 00:42:11,813] multiqc.modules.fastqc.fastqc                      [DEBUG  ]  Duplicate sample name found! Overwriting: SRX8387589
[2022-02-15 00:42:11,815] multiqc.modules.fastqc.fastqc                      [DEBUG  ]  Duplicate sample name found! Overwriting: Metab_14
[2022-02-15 00:42:11,836] multiqc.modules.fastqc.fastqc                      [DEBUG  ]  Duplicate sample name found! Overwriting: SRX5014568
[2022-02-15 00:42:11,845] multiqc.modules.fastqc.fastqc                      [DEBUG  ]  Duplicate sample name found! Overwriting: Vir_8
[2022-02-15 00:42:11,861] multiqc.modules.fastqc.fastqc                      [DEBUG  ]  Duplicate sample name found! Overwriting: SRX8164285
[2022-02-15 00:42:11,923] multiqc.modules.fastqc.fastqc                      [DEBUG  ]  Duplicate sample name found! Overwriting: CM_3
[2022-02-15 00:42:11,960] multiqc.modules.fastqc.fastqc                      [DEBUG  ]  Duplicate sample name found! Overwriting: SRX8420202
[2022-02-15 00:42:11,975] multiqc.modules.fastqc.fastqc                      [DEBUG  ]  Duplicate sample name found! Overwriting: SRX8164268
[2022-02-15 00:42:12,076] multiqc.modules.fastqc.fastqc                      [DEBUG  ]  Duplicate sample name found! Overwriting: SRX2722007
[2022-02-15 00:42:12,097] multiqc.modules.fastqc.fastqc                      [DEBUG  ]  Duplicate sample name found! Overwriting: Metab_16
[2022-02-15 00:42:12,116] multiqc.modules.fastqc.fastqc                      [DEBUG  ]  Duplicate sample name found! Overwriting: SRX8164260
[2022-02-15 00:42:12,119] multiqc.modules.fastqc.fastqc                      [DEBUG  ]  Duplicate sample name found! Overwriting: SRX5299665
[2022-02-15 00:42:12,175] multiqc.modules.fastqc.fastqc                      [DEBUG  ]  Duplicate sample name found! Overwriting: SRX8164306
[2022-02-15 00:42:12,176] multiqc.modules.fastqc.fastqc                      [DEBUG  ]  Duplicate sample name found! Overwriting: SRX8164292
[2022-02-15 00:42:12,178] multiqc.modules.fastqc.fastqc                      [DEBUG  ]  Duplicate sample name found! Overwriting: SRX5806784
[2022-02-15 00:42:12,209] multiqc.modules.fastqc.fastqc                      [DEBUG  ]  Duplicate sample name found! Overwriting: SRX4065848
[2022-02-15 00:42:12,227] multiqc.modules.fastqc.fastqc                      [DEBUG  ]  Duplicate sample name found! Overwriting: SRX8420204
[2022-02-15 00:42:12,239] multiqc.modules.fastqc.fastqc                      [DEBUG  ]  Duplicate sample name found! Overwriting: Metab_11
[2022-02-15 00:42:12,255] multiqc.modules.fastqc.fastqc                      [DEBUG  ]  Duplicate sample name found! Overwriting: SRX8164272
[2022-02-15 00:42:12,312] multiqc.modules.fastqc.fastqc                      [DEBUG  ]  Duplicate sample name found! Overwriting: Metab_7
[2022-02-15 00:42:12,332] multiqc.modules.fastqc.fastqc                      [DEBUG  ]  Duplicate sample name found! Overwriting: Mia_0
[2022-02-15 00:42:12,336] multiqc.modules.fastqc.fastqc                      [DEBUG  ]  Duplicate sample name found! Overwriting: Metab_19
[2022-02-15 00:42:12,356] multiqc.modules.fastqc.fastqc                      [DEBUG  ]  Duplicate sample name found! Overwriting: SRX8164302
[2022-02-15 00:42:12,376] multiqc.modules.fastqc.fastqc                      [DEBUG  ]  Duplicate sample name found! Overwriting: SRX8164278
[2022-02-15 00:42:12,378] multiqc.modules.fastqc.fastqc                      [DEBUG  ]  Duplicate sample name found! Overwriting: SRX8164304
[2022-02-15 00:42:12,381] multiqc.modules.fastqc.fastqc                      [DEBUG  ]  Duplicate sample name found! Overwriting: ERX4294046
[2022-02-15 00:42:12,418] multiqc.modules.fastqc.fastqc                      [DEBUG  ]  Duplicate sample name found! Overwriting: SRX2722016
[2022-02-15 00:42:12,422] multiqc.modules.fastqc.fastqc                      [DEBUG  ]  Duplicate sample name found! Overwriting: SRX5014570
[2022-02-15 00:42:12,467] multiqc.modules.fastqc.fastqc                      [DEBUG  ]  Duplicate sample name found! Overwriting: Vir_1
[2022-02-15 00:42:12,481] multiqc.modules.fastqc.fastqc                      [DEBUG  ]  Duplicate sample name found! Overwriting: SRX2722018
[2022-02-15 00:42:12,501] multiqc.modules.fastqc.fastqc                      [DEBUG  ]  Duplicate sample name found! Overwriting: SG_7
[2022-02-15 00:42:12,528] multiqc.modules.fastqc.fastqc                      [DEBUG  ]  Duplicate sample name found! Overwriting: ERX4294051
[2022-02-15 00:42:12,607] multiqc.modules.fastqc.fastqc                      [DEBUG  ]  Duplicate sample name found! Overwriting: Vir_6
[2022-02-15 00:42:12,621] multiqc.modules.fastqc.fastqc                      [DEBUG  ]  Duplicate sample name found! Overwriting: SRX5505139
[2022-02-15 00:42:12,622] multiqc.modules.fastqc.fastqc                      [DEBUG  ]  Duplicate sample name found! Overwriting: SRX8164289
[2022-02-15 00:42:12,645] multiqc.modules.fastqc.fastqc                      [DEBUG  ]  Duplicate sample name found! Overwriting: Metab_20
[2022-02-15 00:42:12,661] multiqc.modules.fastqc.fastqc                      [DEBUG  ]  Duplicate sample name found! Overwriting: ERX4294048
[2022-02-15 00:42:12,672] multiqc.modules.fastqc.fastqc                      [DEBUG  ]  Duplicate sample name found! Overwriting: SG_8
[2022-02-15 00:42:12,687] multiqc.modules.fastqc.fastqc                      [DEBUG  ]  Duplicate sample name found! Overwriting: SRX8164305
[2022-02-15 00:42:12,689] multiqc.modules.fastqc.fastqc                      [DEBUG  ]  Duplicate sample name found! Overwriting: Cody_4
[2022-02-15 00:42:12,706] multiqc.modules.fastqc.fastqc                      [DEBUG  ]  Duplicate sample name found! Overwriting: Metab_12
[2022-02-15 00:42:12,723] multiqc.modules.fastqc.fastqc                      [DEBUG  ]  Duplicate sample name found! Overwriting: Cody_2
[2022-02-15 00:42:12,752] multiqc.modules.fastqc.fastqc                      [DEBUG  ]  Duplicate sample name found! Overwriting: Metab_18
[2022-02-15 00:42:12,768] multiqc.modules.fastqc.fastqc                      [DEBUG  ]  Duplicate sample name found! Overwriting: SRX9633797
[2022-02-15 00:42:12,784] multiqc.modules.fastqc.fastqc                      [DEBUG  ]  Duplicate sample name found! Overwriting: Metab_3
[2022-02-15 00:42:12,800] multiqc.modules.fastqc.fastqc                      [DEBUG  ]  Duplicate sample name found! Overwriting: SRX5505143
[2022-02-15 00:42:12,802] multiqc.modules.fastqc.fastqc                      [DEBUG  ]  Duplicate sample name found! Overwriting: SG_1
[2022-02-15 00:42:12,820] multiqc.modules.fastqc.fastqc                      [DEBUG  ]  Duplicate sample name found! Overwriting: SRX8164269
[2022-02-15 00:42:12,825] multiqc.modules.fastqc.fastqc                      [DEBUG  ]  Duplicate sample name found! Overwriting: CM_6
[2022-02-15 00:42:12,885] multiqc.modules.fastqc.fastqc                      [DEBUG  ]  Duplicate sample name found! Overwriting: SRX8387575
[2022-02-15 00:42:12,902] multiqc.modules.fastqc.fastqc                      [DEBUG  ]  Duplicate sample name found! Overwriting: SRX9682669
[2022-02-15 00:42:12,903] multiqc.modules.fastqc.fastqc                      [DEBUG  ]  Duplicate sample name found! Overwriting: SRX8164273
[2022-02-15 00:42:12,904] multiqc.modules.fastqc.fastqc                      [DEBUG  ]  Duplicate sample name found! Overwriting: Mia_5
[2022-02-15 00:42:12,924] multiqc.modules.fastqc.fastqc                      [DEBUG  ]  Duplicate sample name found! Overwriting: SRX8164265
[2022-02-15 00:42:12,949] multiqc.modules.fastqc.fastqc                      [DEBUG  ]  Duplicate sample name found! Overwriting: Cody_3
[2022-02-15 00:42:12,980] multiqc.modules.fastqc.fastqc                      [DEBUG  ]  Duplicate sample name found! Overwriting: SRX9633796
[2022-02-15 00:42:12,993] multiqc.modules.fastqc.fastqc                      [DEBUG  ]  Duplicate sample name found! Overwriting: SRX8387563
[2022-02-15 00:42:12,996] multiqc.modules.fastqc.fastqc                      [DEBUG  ]  Duplicate sample name found! Overwriting: SRX3489449
[2022-02-15 00:42:13,001] multiqc.modules.fastqc.fastqc                      [DEBUG  ]  Duplicate sample name found! Overwriting: CM_1
[2022-02-15 00:42:13,039] multiqc.modules.fastqc.fastqc                      [DEBUG  ]  Duplicate sample name found! Overwriting: CM_11
[2022-02-15 00:42:13,076] multiqc.modules.fastqc.fastqc                      [DEBUG  ]  Duplicate sample name found! Overwriting: SRX5014569
[2022-02-15 00:42:13,078] multiqc.modules.fastqc.fastqc                      [DEBUG  ]  Duplicate sample name found! Overwriting: Metab_4
[2022-02-15 00:42:13,095] multiqc.modules.fastqc.fastqc                      [DEBUG  ]  Duplicate sample name found! Overwriting: SRX9633798
[2022-02-15 00:42:13,097] multiqc.modules.fastqc.fastqc                      [DEBUG  ]  Duplicate sample name found! Overwriting: SRX9682659
[2022-02-15 00:42:13,100] multiqc.modules.fastqc.fastqc                      [DEBUG  ]  Duplicate sample name found! Overwriting: Metab_10
[2022-02-15 00:42:13,121] multiqc.modules.fastqc.fastqc                      [DEBUG  ]  Duplicate sample name found! Overwriting: SG_6
[2022-02-15 00:42:13,146] multiqc.modules.fastqc.fastqc                      [DEBUG  ]  Duplicate sample name found! Overwriting: SRX5505144
[2022-02-15 00:42:13,185] multiqc.modules.fastqc.fastqc                      [DEBUG  ]  Duplicate sample name found! Overwriting: SRX2722014
[2022-02-15 00:42:13,187] multiqc.modules.fastqc.fastqc                      [DEBUG  ]  Duplicate sample name found! Overwriting: Vir_7
[2022-02-15 00:42:13,205] multiqc.modules.fastqc.fastqc                      [DEBUG  ]  Duplicate sample name found! Overwriting: SRX8164274
[2022-02-15 00:42:13,206] multiqc.modules.fastqc.fastqc                      [DEBUG  ]  Duplicate sample name found! Overwriting: SRX5299663
[2022-02-15 00:42:13,209] multiqc.modules.fastqc.fastqc                      [DEBUG  ]  Duplicate sample name found! Overwriting: SRX4065827
[2022-02-15 00:42:13,212] multiqc.modules.fastqc.fastqc                      [DEBUG  ]  Duplicate sample name found! Overwriting: SRX3489450
[2022-02-15 00:42:13,214] multiqc.modules.fastqc.fastqc                      [DEBUG  ]  Duplicate sample name found! Overwriting: SRX8387577
[2022-02-15 00:42:13,216] multiqc.modules.fastqc.fastqc                      [DEBUG  ]  Duplicate sample name found! Overwriting: SRX8164282
[2022-02-15 00:42:13,218] multiqc.modules.fastqc.fastqc                      [DEBUG  ]  Duplicate sample name found! Overwriting: SRX5505138
[2022-02-15 00:42:13,219] multiqc.modules.fastqc.fastqc                      [DEBUG  ]  Duplicate sample name found! Overwriting: Mia_1
[2022-02-15 00:42:13,224] multiqc.modules.fastqc.fastqc                      [DEBUG  ]  Duplicate sample name found! Overwriting: SRX5299662
[2022-02-15 00:42:13,234] multiqc.modules.fastqc.fastqc                      [DEBUG  ]  Duplicate sample name found! Overwriting: SRX9682649
[2022-02-15 00:42:13,237] multiqc.modules.fastqc.fastqc                      [DEBUG  ]  Duplicate sample name found! Overwriting: SRX5797723
[2022-02-15 00:42:13,251] multiqc.modules.fastqc.fastqc                      [DEBUG  ]  Duplicate sample name found! Overwriting: SRX8164261
[2022-02-15 00:42:13,252] multiqc.modules.fastqc.fastqc                      [DEBUG  ]  Duplicate sample name found! Overwriting: SRX8164275
[2022-02-15 00:42:13,253] multiqc.modules.fastqc.fastqc                      [DEBUG  ]  Duplicate sample name found! Overwriting: SRX8387559
[2022-02-15 00:42:13,267] multiqc.modules.fastqc.fastqc                      [DEBUG  ]  Duplicate sample name found! Overwriting: SRX5797727
[2022-02-15 00:42:13,282] multiqc.modules.fastqc.fastqc                      [DEBUG  ]  Duplicate sample name found! Overwriting: SRX2722003
[2022-02-15 00:42:13,285] multiqc.modules.fastqc.fastqc                      [DEBUG  ]  Duplicate sample name found! Overwriting: Cody_1
[2022-02-15 00:42:13,300] multiqc.modules.fastqc.fastqc                      [DEBUG  ]  Duplicate sample name found! Overwriting: SRX5797722
[2022-02-15 00:42:13,330] multiqc.modules.fastqc.fastqc                      [DEBUG  ]  Duplicate sample name found! Overwriting: SRX8164294
[2022-02-15 00:42:13,332] multiqc.modules.fastqc.fastqc                      [DEBUG  ]  Duplicate sample name found! Overwriting: SRX8164266
[2022-02-15 00:42:13,333] multiqc.modules.fastqc.fastqc                      [DEBUG  ]  Duplicate sample name found! Overwriting: SRX4065829
[2022-02-15 00:42:13,338] multiqc.modules.fastqc.fastqc                      [DEBUG  ]  Duplicate sample name found! Overwriting: SRX8164277
[2022-02-15 00:42:13,339] multiqc.modules.fastqc.fastqc                      [DEBUG  ]  Duplicate sample name found! Overwriting: SRX8164281
[2022-02-15 00:42:13,345] multiqc.modules.fastqc.fastqc                      [DEBUG  ]  Duplicate sample name found! Overwriting: SRX5014579
[2022-02-15 00:42:13,346] multiqc.modules.fastqc.fastqc                      [DEBUG  ]  Duplicate sample name found! Overwriting: SRX2722002
[2022-02-15 00:42:13,370] multiqc.modules.fastqc.fastqc                      [DEBUG  ]  Duplicate sample name found! Overwriting: Vir_4
[2022-02-15 00:42:13,386] multiqc.modules.fastqc.fastqc                      [DEBUG  ]  Duplicate sample name found! Overwriting: SRX8387564
[2022-02-15 00:42:13,388] multiqc.modules.fastqc.fastqc                      [DEBUG  ]  Duplicate sample name found! Overwriting: Metab_9
[2022-02-15 00:42:13,405] multiqc.modules.fastqc.fastqc                      [DEBUG  ]  Duplicate sample name found! Overwriting: Vir_5
[2022-02-15 00:42:13,424] multiqc.modules.fastqc.fastqc                      [DEBUG  ]  Duplicate sample name found! Overwriting: Vir_10
[2022-02-15 00:42:13,439] multiqc.modules.fastqc.fastqc                      [DEBUG  ]  Duplicate sample name found! Overwriting: SRX8387594
[2022-02-15 00:42:13,443] multiqc.modules.fastqc.fastqc                      [DEBUG  ]  Duplicate sample name found! Overwriting: SRX8164271
[2022-02-15 00:42:13,444] multiqc.modules.fastqc.fastqc                      [DEBUG  ]  Duplicate sample name found! Overwriting: SRX8387567
[2022-02-15 00:42:13,474] multiqc.modules.fastqc.fastqc                      [DEBUG  ]  Duplicate sample name found! Overwriting: SRX9699053
[2022-02-15 00:42:13,476] multiqc.modules.fastqc.fastqc                      [DEBUG  ]  Duplicate sample name found! Overwriting: SRX2722015
[2022-02-15 00:42:13,478] multiqc.modules.fastqc.fastqc                      [DEBUG  ]  Duplicate sample name found! Overwriting: Vir_3
[2022-02-15 00:42:13,493] multiqc.modules.fastqc.fastqc                      [DEBUG  ]  Duplicate sample name found! Overwriting: SRX8164295
[2022-02-15 00:42:13,494] multiqc.modules.fastqc.fastqc                      [DEBUG  ]  Duplicate sample name found! Overwriting: SRX8164300
[2022-02-15 00:42:13,496] multiqc.modules.fastqc.fastqc                      [DEBUG  ]  Duplicate sample name found! Overwriting: SRX9633801
[2022-02-15 00:42:13,497] multiqc.modules.fastqc.fastqc                      [DEBUG  ]  Duplicate sample name found! Overwriting: SRX3489451
[2022-02-15 00:42:13,498] multiqc.modules.fastqc.fastqc                      [DEBUG  ]  Duplicate sample name found! Overwriting: SRX5014581
[2022-02-15 00:42:13,500] multiqc.modules.fastqc.fastqc                      [DEBUG  ]  Duplicate sample name found! Overwriting: SRX9633800
[2022-02-15 00:42:13,501] multiqc.modules.fastqc.fastqc                      [DEBUG  ]  Duplicate sample name found! Overwriting: SRX8164280
[2022-02-15 00:42:13,503] multiqc.modules.fastqc.fastqc                      [DEBUG  ]  Duplicate sample name found! Overwriting: Vir_15
[2022-02-15 00:42:13,520] multiqc.modules.fastqc.fastqc                      [DEBUG  ]  Duplicate sample name found! Overwriting: CM_4
[2022-02-15 00:42:13,574] multiqc.modules.fastqc.fastqc                      [DEBUG  ]  Duplicate sample name found! Overwriting: SRX5806788
[2022-02-15 00:42:13,585] multiqc.modules.fastqc.fastqc                      [DEBUG  ]  Duplicate sample name found! Overwriting: SRX4065834
[2022-02-15 00:42:13,587] multiqc.modules.fastqc.fastqc                      [DEBUG  ]  Duplicate sample name found! Overwriting: ERX4294042
[2022-02-15 00:42:13,599] multiqc.modules.fastqc.fastqc                      [DEBUG  ]  Duplicate sample name found! Overwriting: Vir_11
[2022-02-15 00:42:13,658] multiqc.modules.fastqc.fastqc                      [DEBUG  ]  Duplicate sample name found! Overwriting: SRX8387571
[2022-02-15 00:42:13,661] multiqc.modules.fastqc.fastqc                      [DEBUG  ]  Duplicate sample name found! Overwriting: SRX8387590
[2022-02-15 00:42:13,673] multiqc.modules.fastqc.fastqc                      [DEBUG  ]  Duplicate sample name found! Overwriting: SRX2722013
[2022-02-15 00:42:13,674] multiqc.modules.fastqc.fastqc                      [DEBUG  ]  Duplicate sample name found! Overwriting: SRX5505133
[2022-02-15 00:42:13,676] multiqc.modules.fastqc.fastqc                      [DEBUG  ]  Duplicate sample name found! Overwriting: SRX2722010
[2022-02-15 00:42:13,677] multiqc.modules.fastqc.fastqc                      [DEBUG  ]  Duplicate sample name found! Overwriting: SRX9633799
[2022-02-15 00:42:13,679] multiqc.modules.fastqc.fastqc                      [DEBUG  ]  Duplicate sample name found! Overwriting: SRX5014577
[2022-02-15 00:42:13,715] multiqc.modules.fastqc.fastqc                      [DEBUG  ]  Duplicate sample name found! Overwriting: Mia_4
[2022-02-15 00:42:13,717] multiqc.modules.fastqc.fastqc                      [DEBUG  ]  Duplicate sample name found! Overwriting: SRX8164263
[2022-02-15 00:42:13,718] multiqc.modules.fastqc.fastqc                      [DEBUG  ]  Duplicate sample name found! Overwriting: SRX8164286
[2022-02-15 00:42:13,722] multiqc.modules.fastqc.fastqc                      [DEBUG  ]  Duplicate sample name found! Overwriting: CM_7
[2022-02-15 00:42:13,757] multiqc.modules.fastqc.fastqc                      [DEBUG  ]  Duplicate sample name found! Overwriting: SRX8164290
[2022-02-15 00:42:13,758] multiqc.modules.fastqc.fastqc                      [DEBUG  ]  Duplicate sample name found! Overwriting: SRX9682654
[2022-02-15 00:42:13,768] multiqc.modules.fastqc.fastqc                      [DEBUG  ]  Duplicate sample name found! Overwriting: SRX8164299
[2022-02-15 00:42:13,778] multiqc.modules.fastqc.fastqc                      [DEBUG  ]  Duplicate sample name found! Overwriting: ERX4294049
[2022-02-15 00:42:13,788] multiqc.modules.fastqc.fastqc                      [DEBUG  ]  Duplicate sample name found! Overwriting: Vir_2
[2022-02-15 00:42:13,804] multiqc.modules.fastqc.fastqc                      [DEBUG  ]  Duplicate sample name found! Overwriting: SRX8387562
[2022-02-15 00:42:13,805] multiqc.modules.fastqc.fastqc                      [DEBUG  ]  Duplicate sample name found! Overwriting: SRX5014562
[2022-02-15 00:42:13,811] multiqc.modules.fastqc.fastqc                      [DEBUG  ]  Duplicate sample name found! Overwriting: Vir_18
[2022-02-15 00:42:13,825] multiqc.modules.fastqc.fastqc                      [DEBUG  ]  Duplicate sample name found! Overwriting: SRX5299658
[2022-02-15 00:42:13,828] multiqc.modules.fastqc.fastqc                      [DEBUG  ]  Duplicate sample name found! Overwriting: SRX5797725
[2022-02-15 00:42:13,844] multiqc.modules.fastqc.fastqc                      [DEBUG  ]  Duplicate sample name found! Overwriting: SRX8420207
[2022-02-15 00:42:13,845] multiqc.modules.fastqc.fastqc                      [DEBUG  ]  Duplicate sample name found! Overwriting: SRX5806785
[2022-02-15 00:42:13,860] multiqc.modules.fastqc.fastqc                      [DEBUG  ]  Duplicate sample name found! Overwriting: CM_10
[2022-02-15 00:42:13,894] multiqc.modules.fastqc.fastqc                      [DEBUG  ]  Duplicate sample name found! Overwriting: SRX5505137
[2022-02-15 00:42:13,897] multiqc.modules.fastqc.fastqc                      [DEBUG  ]  Duplicate sample name found! Overwriting: Metab_2
[2022-02-15 00:42:13,918] multiqc.modules.fastqc.fastqc                      [DEBUG  ]  Duplicate sample name found! Overwriting: CM_2
[2022-02-15 00:42:13,954] multiqc.modules.fastqc.fastqc                      [DEBUG  ]  Duplicate sample name found! Overwriting: SRX9699055
[2022-02-15 00:42:13,956] multiqc.modules.fastqc.fastqc                      [DEBUG  ]  Duplicate sample name found! Overwriting: SRX5505136
[2022-02-15 00:42:13,957] multiqc.modules.fastqc.fastqc                      [DEBUG  ]  Duplicate sample name found! Overwriting: SRX9633802
[2022-02-15 00:42:13,958] multiqc.modules.fastqc.fastqc                      [DEBUG  ]  Duplicate sample name found! Overwriting: SRX9682674
[2022-02-15 00:42:13,960] multiqc.modules.fastqc.fastqc                      [DEBUG  ]  Duplicate sample name found! Overwriting: ERX4294045
[2022-02-15 00:42:13,983] multiqc.modules.fastqc.fastqc                      [DEBUG  ]  Duplicate sample name found! Overwriting: SRX5505132
[2022-02-15 00:42:13,985] multiqc.modules.fastqc.fastqc                      [DEBUG  ]  Duplicate sample name found! Overwriting: ERX4294050
[2022-02-15 00:42:13,995] multiqc.modules.fastqc.fastqc                      [DEBUG  ]  Duplicate sample name found! Overwriting: SRX8387568
[2022-02-15 00:42:13,998] multiqc.modules.fastqc.fastqc                      [DEBUG  ]  Duplicate sample name found! Overwriting: SRX5806787
[2022-02-15 00:42:14,011] multiqc.modules.fastqc.fastqc                      [DEBUG  ]  Duplicate sample name found! Overwriting: CM_15
[2022-02-15 00:42:14,052] multiqc.modules.fastqc.fastqc                      [DEBUG  ]  Duplicate sample name found! Overwriting: SRX8164298
[2022-02-15 00:42:14,054] multiqc.modules.fastqc.fastqc                      [DEBUG  ]  Duplicate sample name found! Overwriting: SRX5797724
[2022-02-15 00:42:14,068] multiqc.modules.fastqc.fastqc                      [DEBUG  ]  Duplicate sample name found! Overwriting: SRX8420205
[2022-02-15 00:42:14,070] multiqc.modules.fastqc.fastqc                      [DEBUG  ]  Duplicate sample name found! Overwriting: ERX4294044
[2022-02-15 00:42:14,080] multiqc.modules.fastqc.fastqc                      [DEBUG  ]  Duplicate sample name found! Overwriting: SRX8164264
[2022-02-15 00:42:14,081] multiqc.modules.fastqc.fastqc                      [DEBUG  ]  Duplicate sample name found! Overwriting: SRX5505135
[2022-02-15 00:42:14,103] multiqc.modules.fastqc.fastqc                      [DEBUG  ]  Duplicate sample name found! Overwriting: CM_14
[2022-02-15 00:42:14,137] multiqc.modules.fastqc.fastqc                      [DEBUG  ]  Duplicate sample name found! Overwriting: SRX8164287
[2022-02-15 00:42:14,139] multiqc.modules.fastqc.fastqc                      [DEBUG  ]  Duplicate sample name found! Overwriting: SRX5299664
[2022-02-15 00:42:14,142] multiqc.modules.fastqc.fastqc                      [DEBUG  ]  Duplicate sample name found! Overwriting: CM_5
[2022-02-15 00:42:14,176] multiqc.modules.fastqc.fastqc                      [DEBUG  ]  Duplicate sample name found! Overwriting: SRX8164288
[2022-02-15 00:42:14,177] multiqc.modules.fastqc.fastqc                      [DEBUG  ]  Duplicate sample name found! Overwriting: SRX9699056
[2022-02-15 00:42:14,180] multiqc.modules.fastqc.fastqc                      [DEBUG  ]  Duplicate sample name found! Overwriting: Vir_14
[2022-02-15 00:42:14,195] multiqc.modules.fastqc.fastqc                      [DEBUG  ]  Duplicate sample name found! Overwriting: SRX5299661
[2022-02-15 00:42:14,199] multiqc.modules.fastqc.fastqc                      [DEBUG  ]  Duplicate sample name found! Overwriting: Vir_13
[2022-02-15 00:42:14,213] multiqc.modules.fastqc.fastqc                      [DEBUG  ]  Duplicate sample name found! Overwriting: SRX8164283
[2022-02-15 00:42:14,233] multiqc.modules.fastqc.fastqc                      [DEBUG  ]  Duplicate sample name found! Overwriting: Mia_6
[2022-02-15 00:42:14,244] multiqc.modules.fastqc.fastqc                      [DEBUG  ]  Duplicate sample name found! Overwriting: SRX5014588
[2022-02-15 00:42:14,273] multiqc.modules.fastqc.fastqc                      [DEBUG  ]  Duplicate sample name found! Overwriting: SRX2629500
[2022-02-15 00:42:14,286] multiqc.modules.fastqc.fastqc                      [DEBUG  ]  Duplicate sample name found! Overwriting: CM_8
[2022-02-15 00:42:14,322] multiqc.modules.fastqc.fastqc                      [DEBUG  ]  Duplicate sample name found! Overwriting: SRX5014583
[2022-02-15 00:42:14,324] multiqc.modules.fastqc.fastqc                      [DEBUG  ]  Duplicate sample name found! Overwriting: SRX2722006
[2022-02-15 00:42:14,328] multiqc.modules.fastqc.fastqc                      [DEBUG  ]  Duplicate sample name found! Overwriting: CM_9
[2022-02-15 00:42:14,361] multiqc.modules.fastqc.fastqc                      [DEBUG  ]  Duplicate sample name found! Overwriting: SRX2722011
[2022-02-15 00:42:14,374] multiqc.modules.fastqc.fastqc                      [DEBUG  ]  Duplicate sample name found! Overwriting: Vir_17
[2022-02-15 00:42:14,388] multiqc.modules.fastqc.fastqc                      [DEBUG  ]  Duplicate sample name found! Overwriting: SRX8164276
[2022-02-15 00:42:14,389] multiqc.modules.fastqc.fastqc                      [DEBUG  ]  Duplicate sample name found! Overwriting: SRX5505140
[2022-02-15 00:42:14,391] multiqc.modules.fastqc.fastqc                      [DEBUG  ]  Duplicate sample name found! Overwriting: SRX9682664
[2022-02-15 00:42:14,392] multiqc.modules.fastqc.fastqc                      [DEBUG  ]  Duplicate sample name found! Overwriting: ERX4294047
[2022-02-15 00:42:14,403] multiqc.modules.fastqc.fastqc                      [DEBUG  ]  Duplicate sample name found! Overwriting: SRX8387560
[2022-02-15 00:42:14,437] multiqc.modules.fastqc.fastqc                      [DEBUG  ]  Duplicate sample name found! Overwriting: SRX8420208
[2022-02-15 00:42:14,438] multiqc.modules.fastqc.fastqc                      [DEBUG  ]  Duplicate sample name found! Overwriting: SRX5505134
[2022-02-15 00:42:14,440] multiqc.modules.fastqc.fastqc                      [DEBUG  ]  Duplicate sample name found! Overwriting: SRX5505141
[2022-02-15 00:42:14,442] multiqc.modules.fastqc.fastqc                      [DEBUG  ]  Duplicate sample name found! Overwriting: SRX8387565
[2022-02-15 00:42:14,443] multiqc.modules.fastqc.fastqc                      [DEBUG  ]  Duplicate sample name found! Overwriting: SRX3489453
[2022-02-15 00:42:14,446] multiqc.modules.fastqc.fastqc                      [DEBUG  ]  Duplicate sample name found! Overwriting: SRX8164296
[2022-02-15 00:42:14,451] multiqc.modules.fastqc.fastqc                      [DEBUG  ]  Duplicate sample name found! Overwriting: Metab_8
[2022-02-15 00:42:14,467] multiqc.modules.fastqc.fastqc                      [DEBUG  ]  Duplicate sample name found! Overwriting: SRX5014557
[2022-02-15 00:42:14,470] multiqc.modules.fastqc.fastqc                      [DEBUG  ]  Duplicate sample name found! Overwriting: ERX4294052
[2022-02-15 00:42:14,480] multiqc.modules.fastqc.fastqc                      [DEBUG  ]  Duplicate sample name found! Overwriting: SRX5806783
[2022-02-15 00:42:14,490] multiqc.modules.fastqc.fastqc                      [DEBUG  ]  Duplicate sample name found! Overwriting: ERX4294041
[2022-02-15 00:42:14,501] multiqc.modules.fastqc.fastqc                      [DEBUG  ]  Duplicate sample name found! Overwriting: CM_12
[2022-02-15 00:42:14,534] multiqc.modules.fastqc.fastqc                      [DEBUG  ]  Duplicate sample name found! Overwriting: SRX5505142
[2022-02-15 00:42:14,537] multiqc.modules.fastqc.fastqc                      [DEBUG  ]  Duplicate sample name found! Overwriting: Metab_5
[2022-02-15 00:42:14,554] multiqc.modules.fastqc.fastqc                      [DEBUG  ]  Duplicate sample name found! Overwriting: SRX8387574
[2022-02-15 00:42:14,572] multiqc.modules.fastqc.fastqc                      [DEBUG  ]  Duplicate sample name found! Overwriting: SRX2722004
[2022-02-15 00:42:14,574] multiqc.modules.fastqc.fastqc                      [DEBUG  ]  Duplicate sample name found! Overwriting: SRX8164270
[2022-02-15 00:42:14,577] multiqc.modules.fastqc.fastqc                      [DEBUG  ]  Duplicate sample name found! Overwriting: CM_16
[2022-02-15 00:42:14,613] multiqc.modules.fastqc.fastqc                      [DEBUG  ]  Duplicate sample name found! Overwriting: SRX8164297
[2022-02-15 00:42:14,614] multiqc.modules.fastqc.fastqc                      [DEBUG  ]  Duplicate sample name found! Overwriting: SRX8164284
[2022-02-15 00:42:14,615] multiqc.modules.fastqc.fastqc                      [DEBUG  ]  Duplicate sample name found! Overwriting: SRX9633795
[2022-02-15 00:42:14,618] multiqc.modules.fastqc.fastqc                      [DEBUG  ]  Duplicate sample name found! Overwriting: SRX8164262
[2022-02-15 00:42:14,620] multiqc.modules.fastqc.fastqc                      [DEBUG  ]  Duplicate sample name found! Overwriting: Metab_13
[2022-02-15 00:42:14,646] multiqc.modules.fastqc.fastqc                      [DEBUG  ]  Duplicate sample name found! Overwriting: Metab_17
[2022-02-15 00:42:14,662] multiqc.modules.fastqc.fastqc                      [DEBUG  ]  Duplicate sample name found! Overwriting: SRX8387591
[2022-02-15 00:42:14,663] multiqc.modules.fastqc.fastqc                      [DEBUG  ]  Duplicate sample name found! Overwriting: SRX8420203
[2022-02-15 00:42:14,664] multiqc.modules.fastqc.fastqc                      [DEBUG  ]  Duplicate sample name found! Overwriting: SRX8387593
[2022-02-15 00:42:14,665] multiqc.modules.fastqc.fastqc                      [DEBUG  ]  Duplicate sample name found! Overwriting: SRX5014574
[2022-02-15 00:42:14,667] multiqc.modules.fastqc.fastqc                      [DEBUG  ]  Duplicate sample name found! Overwriting: SRX8164301
[2022-02-15 00:42:14,669] multiqc.modules.fastqc.fastqc                      [DEBUG  ]  Duplicate sample name found! Overwriting: Vir_19
[2022-02-15 00:42:14,694] multiqc.modules.fastqc.fastqc                      [DEBUG  ]  Duplicate sample name found! Overwriting: SG_4
[2022-02-15 00:42:14,710] multiqc.modules.fastqc.fastqc                      [DEBUG  ]  Duplicate sample name found! Overwriting: SRX9699054
[2022-02-15 00:42:14,713] multiqc.modules.fastqc.fastqc                      [DEBUG  ]  Duplicate sample name found! Overwriting: Vir_16
[2022-02-15 00:42:14,729] multiqc.modules.fastqc.fastqc                      [DEBUG  ]  Duplicate sample name found! Overwriting: SRX5299660
[2022-02-15 00:42:14,730] multiqc.modules.fastqc.fastqc                      [DEBUG  ]  Duplicate sample name found! Overwriting: Mia_2
[2022-02-15 00:42:14,746] multiqc.modules.fastqc.fastqc                      [DEBUG  ]  Duplicate sample name found! Overwriting: SRX3489448
[2022-02-15 00:42:14,750] multiqc.modules.fastqc.fastqc                      [DEBUG  ]  Duplicate sample name found! Overwriting: Metab_15
[2022-02-15 00:42:14,768] multiqc.modules.fastqc.fastqc                      [DEBUG  ]  Duplicate sample name found! Overwriting: SRX8164291
[2022-02-15 00:42:14,769] multiqc.modules.fastqc.fastqc                      [DEBUG  ]  Duplicate sample name found! Overwriting: SRX8164303
[2022-02-15 00:42:14,770] multiqc.modules.fastqc.fastqc                      [DEBUG  ]  Duplicate sample name found! Overwriting: SRX8387582
[2022-02-15 00:42:14,773] multiqc.modules.fastqc.fastqc                      [DEBUG  ]  Duplicate sample name found! Overwriting: SRX5806786
[2022-02-15 00:42:14,783] multiqc.modules.fastqc.fastqc                      [DEBUG  ]  Duplicate sample name found! Overwriting: CM_13
[2022-02-15 00:42:14,825] multiqc.modules.fastqc.fastqc                      [DEBUG  ]  Duplicate sample name found! Overwriting: SRX8164267
[2022-02-15 00:42:14,844] multiqc.modules.fastqc.fastqc                      [DEBUG  ]  Duplicate sample name found! Overwriting: SRX8164293
[2022-02-15 00:42:14,845] multiqc.modules.fastqc.fastqc                      [DEBUG  ]  Duplicate sample name found! Overwriting: SRX8387566
[2022-02-15 00:42:14,846] multiqc.modules.fastqc.fastqc                      [DEBUG  ]  Duplicate sample name found! Overwriting: SRX8420206
[2022-02-15 00:42:14,847] multiqc.modules.fastqc.fastqc                      [DEBUG  ]  Duplicate sample name found! Overwriting: SRX2722005
[2022-02-15 00:42:14,849] multiqc.modules.fastqc.fastqc                      [DEBUG  ]  Duplicate sample name found! Overwriting: Vir_9
[2022-02-15 00:42:14,869] multiqc.modules.fastqc.fastqc                      [DEBUG  ]  Duplicate sample name found! Overwriting: SG_2
[2022-02-15 00:42:14,885] multiqc.modules.fastqc.fastqc                      [DEBUG  ]  Duplicate sample name found! Overwriting: SRX2722009
[2022-02-15 00:42:14,887] multiqc.modules.fastqc.fastqc                      [DEBUG  ]  Duplicate sample name found! Overwriting: SG_3
[2022-02-15 00:42:14,904] multiqc.modules.fastqc.fastqc                      [INFO   ]  Found 386 reports
[2022-02-15 00:42:31,133] multiqc                                            [INFO   ]  Compressing plot data
[2022-02-15 00:42:31,245] multiqc                                            [INFO   ]  Report      : multiqc_report.html
[2022-02-15 00:42:31,245] multiqc                                            [INFO   ]  Data        : multiqc_data
[2022-02-15 00:42:31,245] multiqc                                            [DEBUG  ]  Moving data file from '/tmp/tmpbnalb1i7/multiqc_data' to '/home/saugat/Dropbox (UCSD SBRG)/Desktop/modulome-nextflow/aws_results/multiqc_data'
[2022-02-15 00:42:31,393] multiqc                                            [INFO   ]  MultiQC complete
